TN:
SF:src\controllers\chatController.ts
FN:15,(anonymous_0)
FN:18,(anonymous_1)
FN:21,(anonymous_2)
FN:29,(anonymous_3)
FN:47,(anonymous_4)
FN:57,(anonymous_5)
FN:67,(anonymous_6)
FN:77,(anonymous_7)
FN:132,(anonymous_8)
FN:151,(anonymous_9)
FN:170,(anonymous_10)
FN:185,(anonymous_11)
FN:218,(anonymous_12)
FN:233,(anonymous_13)
FN:273,(anonymous_14)
FNF:15
FNH:12
FNDA:17,(anonymous_0)
FNDA:0,(anonymous_1)
FNDA:17,(anonymous_2)
FNDA:1,(anonymous_3)
FNDA:0,(anonymous_4)
FNDA:0,(anonymous_5)
FNDA:2,(anonymous_6)
FNDA:1,(anonymous_7)
FNDA:2,(anonymous_8)
FNDA:2,(anonymous_9)
FNDA:2,(anonymous_10)
FNDA:2,(anonymous_11)
FNDA:2,(anonymous_12)
FNDA:2,(anonymous_13)
FNDA:3,(anonymous_14)
DA:2,1
DA:3,1
DA:4,1
DA:8,1
DA:11,17
DA:12,17
DA:13,17
DA:16,17
DA:18,17
DA:22,17
DA:23,17
DA:25,17
DA:30,1
DA:31,1
DA:33,1
DA:34,1
DA:35,1
DA:38,0
DA:39,0
DA:42,0
DA:43,0
DA:48,0
DA:49,0
DA:50,0
DA:51,0
DA:58,0
DA:59,0
DA:62,0
DA:63,0
DA:68,2
DA:69,2
DA:71,2
DA:72,0
DA:75,2
DA:77,2
DA:78,1
DA:79,1
DA:85,2
DA:87,2
DA:89,2
DA:90,1
DA:92,1
DA:108,1
DA:110,0
DA:111,0
DA:112,0
DA:116,0
DA:118,0
DA:119,0
DA:124,0
DA:133,2
DA:134,2
DA:135,2
DA:136,1
DA:139,1
DA:140,1
DA:142,1
DA:143,1
DA:144,1
DA:146,0
DA:152,2
DA:153,2
DA:154,2
DA:155,1
DA:158,1
DA:159,1
DA:161,1
DA:162,1
DA:163,1
DA:165,0
DA:171,2
DA:172,2
DA:173,2
DA:174,1
DA:176,1
DA:177,1
DA:178,0
DA:180,1
DA:186,2
DA:187,2
DA:188,2
DA:189,1
DA:192,1
DA:206,1
DA:207,1
DA:209,1
DA:210,1
DA:211,1
DA:213,0
DA:219,2
DA:220,2
DA:221,2
DA:222,1
DA:224,1
DA:225,1
DA:226,0
DA:228,1
DA:234,2
DA:235,2
DA:236,2
DA:237,1
DA:245,1
DA:247,1
DA:249,1
DA:255,0
DA:257,0
DA:258,0
DA:264,0
DA:274,3
DA:275,3
DA:276,3
DA:278,3
DA:279,1
DA:282,2
DA:283,1
DA:286,1
DA:287,1
DA:289,2
DA:290,2
DA:291,2
DA:293,0
LF:121
LH:91
BRDA:22,0,0,17
BRDA:33,1,0,1
BRDA:33,2,0,1
BRDA:33,2,1,0
BRDA:38,3,0,0
BRDA:50,4,0,0
BRDA:58,5,0,0
BRDA:58,6,0,0
BRDA:58,6,1,0
BRDA:58,7,0,0
BRDA:58,7,1,0
BRDA:62,8,0,0
BRDA:71,9,0,0
BRDA:89,10,0,1
BRDA:110,11,0,0
BRDA:118,12,0,0
BRDA:118,12,1,0
BRDA:135,13,0,1
BRDA:143,14,0,1
BRDA:143,14,1,0
BRDA:154,15,0,1
BRDA:162,16,0,1
BRDA:162,16,1,0
BRDA:177,17,0,0
BRDA:177,17,1,1
BRDA:188,18,0,1
BRDA:188,19,0,2
BRDA:188,19,1,1
BRDA:194,20,0,1
BRDA:194,20,1,0
BRDA:194,21,0,0
BRDA:194,21,1,1
BRDA:194,22,0,1
BRDA:194,22,1,1
BRDA:195,23,0,1
BRDA:195,23,1,1
BRDA:195,24,0,0
BRDA:195,24,1,1
BRDA:195,25,0,1
BRDA:195,25,1,1
BRDA:210,26,0,1
BRDA:210,26,1,0
BRDA:225,27,0,0
BRDA:225,27,1,1
BRDA:235,28,0,1
BRDA:235,28,1,1
BRDA:235,29,0,2
BRDA:235,29,1,2
BRDA:235,30,0,1
BRDA:235,30,1,1
BRDA:235,31,0,2
BRDA:235,31,1,2
BRDA:236,32,0,1
BRDA:257,33,0,0
BRDA:257,33,1,0
BRDA:276,34,0,1
BRDA:276,34,1,2
BRDA:276,35,0,3
BRDA:276,35,1,3
BRDA:276,36,0,1
BRDA:276,36,1,2
BRDA:276,37,0,3
BRDA:276,37,1,3
BRDA:278,38,0,1
BRDA:282,39,0,1
BRDA:290,40,0,2
BRDA:290,40,1,0
BRF:67
BRH:43
end_of_record
TN:
SF:src\utils\AppError.ts
FN:6,(anonymous_0)
FN:18,(anonymous_1)
FN:22,(anonymous_2)
FN:26,(anonymous_3)
FN:30,(anonymous_4)
FN:34,(anonymous_5)
FN:38,(anonymous_6)
FN:42,(anonymous_7)
FNF:8
FNH:1
FNDA:5,(anonymous_0)
FNDA:0,(anonymous_1)
FNDA:0,(anonymous_2)
FNDA:0,(anonymous_3)
FNDA:0,(anonymous_4)
FNDA:0,(anonymous_5)
FNDA:0,(anonymous_6)
FNDA:0,(anonymous_7)
DA:1,1
DA:7,5
DA:8,5
DA:9,5
DA:10,5
DA:13,5
DA:15,5
DA:19,0
DA:23,0
DA:27,0
DA:31,0
DA:35,0
DA:39,0
DA:43,0
LF:14
LH:7
BRDA:22,0,0,0
BRDA:26,1,0,0
BRDA:30,2,0,0
BRF:3
BRH:0
end_of_record
TN:
SF:src\utils\logger.ts
FNF:0
FNH:0
DA:1,1
DA:3,1
DA:15,1
DA:16,1
DA:21,1
LF:5
LH:5
BRDA:15,0,0,1
BRF:1
BRH:1
end_of_record
